Using pre-set license
Built from '2020.3/staging' branch; Version is '2020.3.4f1 (0abb6314276a) revision 703331'; Using compiler version '192528614'; Build Type 'Release'
OS: 'Windows 10 Pro; OS build 19043.1165; Version 2009; 64bit' Language: 'tr' Physical Memory: 16328 MB
BatchMode: 1, IsHumanControllingUs: 0, StartBugReporterOnCrash: 0, Is64bit: 1, IsPro: 0

 COMMAND LINE ARGUMENTS:
C:\Program Files\Unity\Hub\Editor\2020.3.4f1\Editor\Unity.exe
-adb2
-batchMode
-noUpm
-name
AssetImportWorker1
-projectPath
D:/Own/WebGL_prototype/386Project/WebGL_Prototype
-logFile
Logs/AssetImportWorker1.log
-srvPort
49831
Successfully changed project path to: D:/Own/WebGL_prototype/386Project/WebGL_Prototype
D:/Own/WebGL_prototype/386Project/WebGL_Prototype
Using Asset Import Pipeline V2.
Refreshing native plugins compatible for Editor in 37.77 ms, found 1 plugins.
Preloading 0 native plugins for Editor in 0.00 ms.
Initialize engine version: 2020.3.4f1 (0abb6314276a)
[Subsystems] Discovering subsystems at path C:/Program Files/Unity/Hub/Editor/2020.3.4f1/Editor/Data/Resources/UnitySubsystems
[Subsystems] Discovering subsystems at path D:/Own/WebGL_prototype/386Project/WebGL_Prototype/Assets
GfxDevice: creating device client; threaded=0
Direct3D:
    Version:  Direct3D 11.0 [level 11.1]
    Renderer: AMD Radeon RX 6700 XT (ID=0x73df)
    Vendor:   
    VRAM:     11986 MB
    Driver:   30.0.13025.5005
Shader 'Universal Render Pipeline/Particles/Lit': fallback shader 'Universal Render Pipeline/Particles/SimpleLit' not found
Initialize mono
Mono path[0] = 'C:/Program Files/Unity/Hub/Editor/2020.3.4f1/Editor/Data/Managed'
Mono path[1] = 'C:/Program Files/Unity/Hub/Editor/2020.3.4f1/Editor/Data/MonoBleedingEdge/lib/mono/unityjit'
Mono config path = 'C:/Program Files/Unity/Hub/Editor/2020.3.4f1/Editor/Data/MonoBleedingEdge/etc'
Using monoOptions --debugger-agent=transport=dt_socket,embedding=1,server=y,suspend=n,address=127.0.0.1:56872
Begin MonoManager ReloadAssembly
Registering precompiled unity dll's ...
Register platform support module: C:/Program Files/Unity/Hub/Editor/2020.3.4f1/Editor/Data/PlaybackEngines/WebGLSupport/UnityEditor.WebGL.Extensions.dll
Register platform support module: C:/Program Files/Unity/Hub/Editor/2020.3.4f1/Editor/Data/PlaybackEngines/MacStandaloneSupport/UnityEditor.OSXStandalone.Extensions.dll
Register platform support module: C:/Program Files/Unity/Hub/Editor/2020.3.4f1/Editor/Data/PlaybackEngines/WindowsStandaloneSupport/UnityEditor.WindowsStandalone.Extensions.dll
Register platform support module: C:/Program Files/Unity/Hub/Editor/2020.3.4f1/Editor/Data/PlaybackEngines/LinuxStandaloneSupport/UnityEditor.LinuxStandalone.Extensions.dll
Registered in 0.002468 seconds.
Native extension for LinuxStandalone target not found
Native extension for WindowsStandalone target not found
Native extension for OSXStandalone target not found
Native extension for WebGL target not found
Refreshing native plugins compatible for Editor in 40.29 ms, found 1 plugins.
Preloading 0 native plugins for Editor in 0.00 ms.
Mono: successfully reloaded assembly
- Completed reload, in  2.055 seconds
Platform modules already initialized, skipping
Registering precompiled user dll's ...
Registered in 0.001280 seconds.
Begin MonoManager ReloadAssembly
Native extension for LinuxStandalone target not found
Native extension for WindowsStandalone target not found
Native extension for OSXStandalone target not found
Native extension for WebGL target not found
Refreshing native plugins compatible for Editor in 39.10 ms, found 1 plugins.
Preloading 0 native plugins for Editor in 0.00 ms.
Mono: successfully reloaded assembly
- Completed reload, in  0.693 seconds
Platform modules already initialized, skipping
========================================================================
Worker process is ready to serve import requests
Shader 'Universal Render Pipeline/Particles/Lit': fallback shader 'Universal Render Pipeline/Particles/SimpleLit' not found
Launched and connected shader compiler UnityShaderCompiler.exe after 0.04 seconds
Refreshing native plugins compatible for Editor in 0.49 ms, found 1 plugins.
Preloading 0 native plugins for Editor in 0.00 ms.
Unloading 2969 Unused Serialized files (Serialized files now loaded: 0)
System memory in use before: 131.7 MB.
System memory in use after: 131.9 MB.

Unloading 19 unused Assets to reduce memory usage. Loaded Objects now: 3422.
Total: 2.294500 ms (FindLiveObjects: 0.393600 ms CreateObjectMapping: 0.151600 ms MarkObjects: 1.731900 ms  DeleteObjects: 0.016600 ms)

========================================================================
Received Import Request.
  path: Assets/ScriptableObjects/Weapons/Rifle.asset
  artifactKey: Guid(18a93131e0d221c448a341b6a56b7ecc) Importer(815301076,1909f56bfc062723c751e8b465ee728b)
Start importing Assets/ScriptableObjects/Weapons/Rifle.asset using Guid(18a93131e0d221c448a341b6a56b7ecc) Importer(815301076,1909f56bfc062723c751e8b465ee728b)  -> (artifact id: '2cbff12bdf5848457e5c8e90510e9a18') in 0.039134 seconds
  Import took 0.042969 seconds .

========================================================================
Received Import Request.
  Time since last request: 183.845780 seconds.
  path: Assets/Prefabs/RifleAmmo.prefab
  artifactKey: Guid(c5598abc307e23e4cb6b7659c798de79) Importer(815301076,1909f56bfc062723c751e8b465ee728b)
Start importing Assets/Prefabs/RifleAmmo.prefab using Guid(c5598abc307e23e4cb6b7659c798de79) Importer(815301076,1909f56bfc062723c751e8b465ee728b)  -> (artifact id: '2791f3b6776f65a2a81eb52ccff1f80f') in 0.152989 seconds
  Import took 0.157575 seconds .

========================================================================
Received Prepare
Registering precompiled user dll's ...
Registered in 0.001260 seconds.
Begin MonoManager ReloadAssembly
Native extension for LinuxStandalone target not found
Native extension for WindowsStandalone target not found
Native extension for OSXStandalone target not found
Native extension for WebGL target not found
Refreshing native plugins compatible for Editor in 0.51 ms, found 1 plugins.
Preloading 0 native plugins for Editor in 0.00 ms.
Mono: successfully reloaded assembly
- Completed reload, in  0.685 seconds
Platform modules already initialized, skipping
Shader 'Universal Render Pipeline/Particles/Lit': fallback shader 'Universal Render Pipeline/Particles/SimpleLit' not found
Refreshing native plugins compatible for Editor in 0.51 ms, found 1 plugins.
Preloading 0 native plugins for Editor in 0.00 ms.
Unloading 2854 Unused Serialized files (Serialized files now loaded: 0)
System memory in use before: 129.3 MB.
System memory in use after: 129.6 MB.

Unloading 8 unused Assets to reduce memory usage. Loaded Objects now: 3471.
Total: 2.163500 ms (FindLiveObjects: 0.287700 ms CreateObjectMapping: 0.096200 ms MarkObjects: 1.765600 ms  DeleteObjects: 0.013500 ms)

========================================================================
Received Prepare
Registering precompiled user dll's ...
Registered in 0.001201 seconds.
Begin MonoManager ReloadAssembly
Native extension for LinuxStandalone target not found
Native extension for WindowsStandalone target not found
Native extension for OSXStandalone target not found
Native extension for WebGL target not found
Refreshing native plugins compatible for Editor in 0.53 ms, found 1 plugins.
Preloading 0 native plugins for Editor in 0.00 ms.
Mono: successfully reloaded assembly
- Completed reload, in  0.644 seconds
Platform modules already initialized, skipping
Shader 'Universal Render Pipeline/Particles/Lit': fallback shader 'Universal Render Pipeline/Particles/SimpleLit' not found
Refreshing native plugins compatible for Editor in 0.50 ms, found 1 plugins.
Preloading 0 native plugins for Editor in 0.00 ms.
Unloading 2854 Unused Serialized files (Serialized files now loaded: 0)
System memory in use before: 129.4 MB.
System memory in use after: 129.6 MB.

Unloading 8 unused Assets to reduce memory usage. Loaded Objects now: 3475.
Total: 2.222300 ms (FindLiveObjects: 0.265400 ms CreateObjectMapping: 0.125800 ms MarkObjects: 1.817000 ms  DeleteObjects: 0.013500 ms)

========================================================================
Received Import Request.
  Time since last request: 53.811831 seconds.
  path: Assets/Prefabs/RifleAmmo.prefab
  artifactKey: Guid(c5598abc307e23e4cb6b7659c798de79) Importer(815301076,1909f56bfc062723c751e8b465ee728b)
Start importing Assets/Prefabs/RifleAmmo.prefab using Guid(c5598abc307e23e4cb6b7659c798de79) Importer(815301076,1909f56bfc062723c751e8b465ee728b)  -> (artifact id: '42ec145c87b98ebfa4fa94ab956720f7') in 0.107634 seconds
  Import took 0.228462 seconds .

========================================================================
Received Prepare
Registering precompiled user dll's ...
Registered in 0.001172 seconds.
Begin MonoManager ReloadAssembly
Native extension for LinuxStandalone target not found
Native extension for WindowsStandalone target not found
Native extension for OSXStandalone target not found
Native extension for WebGL target not found
Refreshing native plugins compatible for Editor in 0.50 ms, found 1 plugins.
Preloading 0 native plugins for Editor in 0.00 ms.
Mono: successfully reloaded assembly
- Completed reload, in  0.652 seconds
Platform modules already initialized, skipping
Shader 'Universal Render Pipeline/Particles/Lit': fallback shader 'Universal Render Pipeline/Particles/SimpleLit' not found
Refreshing native plugins compatible for Editor in 0.50 ms, found 1 plugins.
Preloading 0 native plugins for Editor in 0.00 ms.
Unloading 2854 Unused Serialized files (Serialized files now loaded: 0)
System memory in use before: 129.5 MB.
System memory in use after: 129.8 MB.

Unloading 8 unused Assets to reduce memory usage. Loaded Objects now: 3515.
Total: 2.217000 ms (FindLiveObjects: 0.264500 ms CreateObjectMapping: 0.104600 ms MarkObjects: 1.835500 ms  DeleteObjects: 0.011900 ms)

========================================================================
Received Prepare
Registering precompiled user dll's ...
Registered in 0.001189 seconds.
Begin MonoManager ReloadAssembly
Native extension for LinuxStandalone target not found
Native extension for WindowsStandalone target not found
Native extension for OSXStandalone target not found
Native extension for WebGL target not found
Refreshing native plugins compatible for Editor in 0.51 ms, found 1 plugins.
Preloading 0 native plugins for Editor in 0.00 ms.
Mono: successfully reloaded assembly
- Completed reload, in  0.682 seconds
Platform modules already initialized, skipping
Shader 'Universal Render Pipeline/Particles/Lit': fallback shader 'Universal Render Pipeline/Particles/SimpleLit' not found
Refreshing native plugins compatible for Editor in 0.49 ms, found 1 plugins.
Preloading 0 native plugins for Editor in 0.00 ms.
Unloading 2854 Unused Serialized files (Serialized files now loaded: 0)
System memory in use before: 129.5 MB.
System memory in use after: 129.8 MB.

Unloading 8 unused Assets to reduce memory usage. Loaded Objects now: 3519.
Total: 2.267700 ms (FindLiveObjects: 0.345800 ms CreateObjectMapping: 0.107700 ms MarkObjects: 1.802500 ms  DeleteObjects: 0.011000 ms)

========================================================================
Received Prepare
Registering precompiled user dll's ...
Registered in 0.001326 seconds.
Begin MonoManager ReloadAssembly
Native extension for LinuxStandalone target not found
Native extension for WindowsStandalone target not found
Native extension for OSXStandalone target not found
Native extension for WebGL target not found
Refreshing native plugins compatible for Editor in 0.50 ms, found 1 plugins.
Preloading 0 native plugins for Editor in 0.00 ms.
Mono: successfully reloaded assembly
- Completed reload, in  0.668 seconds
Platform modules already initialized, skipping
Shader 'Universal Render Pipeline/Particles/Lit': fallback shader 'Universal Render Pipeline/Particles/SimpleLit' not found
Refreshing native plugins compatible for Editor in 0.50 ms, found 1 plugins.
Preloading 0 native plugins for Editor in 0.00 ms.
Unloading 2854 Unused Serialized files (Serialized files now loaded: 0)
System memory in use before: 129.6 MB.
System memory in use after: 129.8 MB.

Unloading 8 unused Assets to reduce memory usage. Loaded Objects now: 3523.
Total: 2.290500 ms (FindLiveObjects: 0.317400 ms CreateObjectMapping: 0.098900 ms MarkObjects: 1.862000 ms  DeleteObjects: 0.011500 ms)

========================================================================
Received Import Request.
  Time since last request: 209.771748 seconds.
  path: Assets/Character/Sprites
  artifactKey: Guid(7c2a781861b97384eac8d8cd223428b7) Importer(815301076,1909f56bfc062723c751e8b465ee728b)
Start importing Assets/Character/Sprites using Guid(7c2a781861b97384eac8d8cd223428b7) Importer(815301076,1909f56bfc062723c751e8b465ee728b)  -> (artifact id: '8110c067a7f5607c2b367a50de2e9528') in 0.005258 seconds
  Import took 0.113108 seconds .

========================================================================
Received Import Request.
  Time since last request: 8.193706 seconds.
  path: Assets/Character/Anim
  artifactKey: Guid(d8385e139a6023b46a29fa7e7337e1f4) Importer(815301076,1909f56bfc062723c751e8b465ee728b)
Start importing Assets/Character/Anim using Guid(d8385e139a6023b46a29fa7e7337e1f4) Importer(815301076,1909f56bfc062723c751e8b465ee728b)  -> (artifact id: 'eaeecc550fe9877fdd177a9716bfe676') in 0.001698 seconds
  Import took 0.005390 seconds .

========================================================================
Received Import Request.
  Time since last request: 23.371773 seconds.
  path: Assets/Scenes/TestScene
  artifactKey: Guid(ba3bd04d47f595c4c95387d2571f3e0b) Importer(815301076,1909f56bfc062723c751e8b465ee728b)
Start importing Assets/Scenes/TestScene using Guid(ba3bd04d47f595c4c95387d2571f3e0b) Importer(815301076,1909f56bfc062723c751e8b465ee728b)  -> (artifact id: '1af28238b40c6253c9fc0f31cb019889') in 0.001579 seconds
  Import took 0.005157 seconds .

========================================================================
Received Import Request.
  Time since last request: 0.049228 seconds.
  path: Assets/Scenes/TestScene/Global Volume Profile.asset
  artifactKey: Guid(46a70e5700cec784db2479925d77c689) Importer(815301076,1909f56bfc062723c751e8b465ee728b)
Start importing Assets/Scenes/TestScene/Global Volume Profile.asset using Guid(46a70e5700cec784db2479925d77c689) Importer(815301076,1909f56bfc062723c751e8b465ee728b)  -> (artifact id: '9394a795dfdd07d3f34f81a0ac758cc4') in 0.137677 seconds
  Import took 0.155950 seconds .

========================================================================
Received Import Request.
  Time since last request: 12.127023 seconds.
  path: Assets/ScriptableObjects/Weapons/Rifle
  artifactKey: Guid(d420669a87a3e634bb554386d2788c6f) Importer(815301076,1909f56bfc062723c751e8b465ee728b)
Start importing Assets/ScriptableObjects/Weapons/Rifle using Guid(d420669a87a3e634bb554386d2788c6f) Importer(815301076,1909f56bfc062723c751e8b465ee728b)  -> (artifact id: '74697267c5942e132c47ea6a8fafbfe9') in 0.001441 seconds
  Import took 0.004967 seconds .

========================================================================
Received Import Request.
  Time since last request: 1.310556 seconds.
  path: Assets/ScriptableObjects/Weapons/Arms.controller
  artifactKey: Guid(ca92fc3d4aa93fd4fb9da1eecae66e63) Importer(815301076,1909f56bfc062723c751e8b465ee728b)
Start importing Assets/ScriptableObjects/Weapons/Arms.controller using Guid(ca92fc3d4aa93fd4fb9da1eecae66e63) Importer(815301076,1909f56bfc062723c751e8b465ee728b)  -> (artifact id: '7937930e230881e55b41c75a6f1744c2') in 0.004947 seconds
  Import took 0.008872 seconds .

========================================================================
Received Import Request.
  Time since last request: 20.361940 seconds.
  path: Assets/Scripts/ScriptableObjects
  artifactKey: Guid(7382c91eb57fc1347b7827a5ab9f962d) Importer(815301076,1909f56bfc062723c751e8b465ee728b)
Start importing Assets/Scripts/ScriptableObjects using Guid(7382c91eb57fc1347b7827a5ab9f962d) Importer(815301076,1909f56bfc062723c751e8b465ee728b)  -> (artifact id: '5be1aeb67d9a26eb279d90eaf4832be6') in 0.001530 seconds
  Import took 0.005345 seconds .

========================================================================
Received Prepare
Registering precompiled user dll's ...
Registered in 0.001276 seconds.
Begin MonoManager ReloadAssembly
Native extension for LinuxStandalone target not found
Native extension for WindowsStandalone target not found
Native extension for OSXStandalone target not found
Native extension for WebGL target not found
Refreshing native plugins compatible for Editor in 0.50 ms, found 1 plugins.
Preloading 0 native plugins for Editor in 0.00 ms.
Mono: successfully reloaded assembly
- Completed reload, in  0.657 seconds
Platform modules already initialized, skipping
Shader 'Universal Render Pipeline/Particles/Lit': fallback shader 'Universal Render Pipeline/Particles/SimpleLit' not found
Refreshing native plugins compatible for Editor in 0.49 ms, found 1 plugins.
Preloading 0 native plugins for Editor in 0.00 ms.
Unloading 2854 Unused Serialized files (Serialized files now loaded: 0)
System memory in use before: 129.6 MB.
System memory in use after: 129.8 MB.

Unloading 8 unused Assets to reduce memory usage. Loaded Objects now: 3527.
Total: 2.330700 ms (FindLiveObjects: 0.294200 ms CreateObjectMapping: 0.105400 ms MarkObjects: 1.916200 ms  DeleteObjects: 0.014200 ms)

========================================================================
Received Prepare
Registering precompiled user dll's ...
Registered in 0.001176 seconds.
Begin MonoManager ReloadAssembly
Native extension for LinuxStandalone target not found
Native extension for WindowsStandalone target not found
Native extension for OSXStandalone target not found
Native extension for WebGL target not found
Refreshing native plugins compatible for Editor in 0.50 ms, found 1 plugins.
Preloading 0 native plugins for Editor in 0.00 ms.
Mono: successfully reloaded assembly
- Completed reload, in  0.643 seconds
Platform modules already initialized, skipping
Shader 'Universal Render Pipeline/Particles/Lit': fallback shader 'Universal Render Pipeline/Particles/SimpleLit' not found
Refreshing native plugins compatible for Editor in 0.48 ms, found 1 plugins.
Preloading 0 native plugins for Editor in 0.00 ms.
Unloading 2854 Unused Serialized files (Serialized files now loaded: 0)
System memory in use before: 129.6 MB.
System memory in use after: 129.8 MB.

Unloading 8 unused Assets to reduce memory usage. Loaded Objects now: 3531.
Total: 2.105000 ms (FindLiveObjects: 0.256700 ms CreateObjectMapping: 0.072400 ms MarkObjects: 1.761200 ms  DeleteObjects: 0.013900 ms)

========================================================================
Received Import Request.
  Time since last request: 15.010837 seconds.
  path: Assets/Scripts/ItemSystem
  artifactKey: Guid(aee0ce8f0e67e7f478568fdfe3fcd862) Importer(815301076,1909f56bfc062723c751e8b465ee728b)
Start importing Assets/Scripts/ItemSystem using Guid(aee0ce8f0e67e7f478568fdfe3fcd862) Importer(815301076,1909f56bfc062723c751e8b465ee728b)  -> (artifact id: '2b4f727630bc261da0f1a33bae6452da') in 0.005143 seconds
  Import took 0.009011 seconds .

========================================================================
Received Import Request.
  Time since last request: 0.005228 seconds.
  path: Assets/Scripts/ItemSystem
  artifactKey: Guid(aee0ce8f0e67e7f478568fdfe3fcd862) Importer(815301076,1909f56bfc062723c751e8b465ee728b)
Start importing Assets/Scripts/ItemSystem using Guid(aee0ce8f0e67e7f478568fdfe3fcd862) Importer(815301076,1909f56bfc062723c751e8b465ee728b)  -> (artifact id: '2b4f727630bc261da0f1a33bae6452da') in 0.001407 seconds
  Import took 0.004557 seconds .

========================================================================
Received Prepare
Registering precompiled user dll's ...
Registered in 0.001149 seconds.
Begin MonoManager ReloadAssembly
Native extension for LinuxStandalone target not found
Native extension for WindowsStandalone target not found
Native extension for OSXStandalone target not found
Native extension for WebGL target not found
Refreshing native plugins compatible for Editor in 0.51 ms, found 1 plugins.
Preloading 0 native plugins for Editor in 0.00 ms.
Mono: successfully reloaded assembly
- Completed reload, in  0.641 seconds
Platform modules already initialized, skipping
Shader 'Universal Render Pipeline/Particles/Lit': fallback shader 'Universal Render Pipeline/Particles/SimpleLit' not found
Refreshing native plugins compatible for Editor in 0.49 ms, found 1 plugins.
Preloading 0 native plugins for Editor in 0.00 ms.
Unloading 2854 Unused Serialized files (Serialized files now loaded: 0)
System memory in use before: 129.6 MB.
System memory in use after: 129.8 MB.

Unloading 8 unused Assets to reduce memory usage. Loaded Objects now: 3535.
Total: 2.528600 ms (FindLiveObjects: 0.302100 ms CreateObjectMapping: 0.115000 ms MarkObjects: 2.096500 ms  DeleteObjects: 0.014400 ms)

========================================================================
Received Import Request.
  Time since last request: 11.217734 seconds.
  path: Assets/Scripts/GeneralLibrary
  artifactKey: Guid(b495339a82531ca47a021ab4027a15c0) Importer(815301076,1909f56bfc062723c751e8b465ee728b)
Start importing Assets/Scripts/GeneralLibrary using Guid(b495339a82531ca47a021ab4027a15c0) Importer(815301076,1909f56bfc062723c751e8b465ee728b)  -> (artifact id: 'b5b81c4b7e51171a64fa51400c7b44a0') in 0.004962 seconds
  Import took 0.009092 seconds .

========================================================================
Received Import Request.
  Time since last request: 0.004852 seconds.
  path: Assets/Scripts/GeneralLibrary
  artifactKey: Guid(b495339a82531ca47a021ab4027a15c0) Importer(815301076,1909f56bfc062723c751e8b465ee728b)
Start importing Assets/Scripts/GeneralLibrary using Guid(b495339a82531ca47a021ab4027a15c0) Importer(815301076,1909f56bfc062723c751e8b465ee728b)  -> (artifact id: 'b5b81c4b7e51171a64fa51400c7b44a0') in 0.001427 seconds
  Import took 0.004727 seconds .

========================================================================
Received Prepare
Registering precompiled user dll's ...
Registered in 0.001420 seconds.
Begin MonoManager ReloadAssembly
Native extension for LinuxStandalone target not found
Native extension for WindowsStandalone target not found
Native extension for OSXStandalone target not found
Native extension for WebGL target not found
Refreshing native plugins compatible for Editor in 0.49 ms, found 1 plugins.
Preloading 0 native plugins for Editor in 0.00 ms.
Mono: successfully reloaded assembly
- Completed reload, in  0.658 seconds
Platform modules already initialized, skipping
Shader 'Universal Render Pipeline/Particles/Lit': fallback shader 'Universal Render Pipeline/Particles/SimpleLit' not found
Refreshing native plugins compatible for Editor in 0.50 ms, found 1 plugins.
Preloading 0 native plugins for Editor in 0.00 ms.
Unloading 2854 Unused Serialized files (Serialized files now loaded: 0)
System memory in use before: 129.6 MB.
System memory in use after: 129.8 MB.

Unloading 8 unused Assets to reduce memory usage. Loaded Objects now: 3539.
Total: 2.426700 ms (FindLiveObjects: 0.287200 ms CreateObjectMapping: 0.105800 ms MarkObjects: 2.019900 ms  DeleteObjects: 0.013200 ms)

========================================================================
Received Prepare
Registering precompiled user dll's ...
Registered in 0.001119 seconds.
Begin MonoManager ReloadAssembly
Native extension for LinuxStandalone target not found
Native extension for WindowsStandalone target not found
Native extension for OSXStandalone target not found
Native extension for WebGL target not found
Refreshing native plugins compatible for Editor in 0.51 ms, found 1 plugins.
Preloading 0 native plugins for Editor in 0.00 ms.
Mono: successfully reloaded assembly
- Completed reload, in  1.061 seconds
Platform modules already initialized, skipping
Shader 'Universal Render Pipeline/Particles/Lit': fallback shader 'Universal Render Pipeline/Particles/SimpleLit' not found
Refreshing native plugins compatible for Editor in 0.50 ms, found 1 plugins.
Preloading 0 native plugins for Editor in 0.00 ms.
Unloading 2854 Unused Serialized files (Serialized files now loaded: 0)
System memory in use before: 129.6 MB.
System memory in use after: 129.9 MB.

Unloading 8 unused Assets to reduce memory usage. Loaded Objects now: 3543.
Total: 2.147600 ms (FindLiveObjects: 0.263000 ms CreateObjectMapping: 0.077500 ms MarkObjects: 1.791700 ms  DeleteObjects: 0.014800 ms)

========================================================================
Received Import Request.
  Time since last request: 14.320600 seconds.
  path: Assets/Scripts/PlayerManagers
  artifactKey: Guid(956ce766c5a281841b851ea219344ad4) Importer(815301076,1909f56bfc062723c751e8b465ee728b)
Start importing Assets/Scripts/PlayerManagers using Guid(956ce766c5a281841b851ea219344ad4) Importer(815301076,1909f56bfc062723c751e8b465ee728b)  -> (artifact id: 'a7d45eef2a806b2bc0514a35e23f02e3') in 0.004818 seconds
  Import took 0.008504 seconds .

========================================================================
Received Import Request.
  Time since last request: 0.005693 seconds.
  path: Assets/Scripts/PlayerManagers
  artifactKey: Guid(956ce766c5a281841b851ea219344ad4) Importer(815301076,1909f56bfc062723c751e8b465ee728b)
Start importing Assets/Scripts/PlayerManagers using Guid(956ce766c5a281841b851ea219344ad4) Importer(815301076,1909f56bfc062723c751e8b465ee728b)  -> (artifact id: 'a7d45eef2a806b2bc0514a35e23f02e3') in 0.001254 seconds
  Import took 0.003988 seconds .

========================================================================
Received Import Request.
  Time since last request: 1.004638 seconds.
  path: Assets/Scripts/PlayerActions.cs
  artifactKey: Guid(6fe634ca288c22a498c575d16ecc40e1) Importer(815301076,1909f56bfc062723c751e8b465ee728b)
Start importing Assets/Scripts/PlayerActions.cs using Guid(6fe634ca288c22a498c575d16ecc40e1) Importer(815301076,1909f56bfc062723c751e8b465ee728b)  -> (artifact id: '3824147684a81f96bbbdb3ebf6cb0807') in 0.004229 seconds
  Import took 0.008157 seconds .

========================================================================
Received Import Request.
  Time since last request: 0.013763 seconds.
  path: Assets/Scripts/PlayerActions.cs
  artifactKey: Guid(6fe634ca288c22a498c575d16ecc40e1) Importer(815301076,1909f56bfc062723c751e8b465ee728b)
Start importing Assets/Scripts/PlayerActions.cs using Guid(6fe634ca288c22a498c575d16ecc40e1) Importer(815301076,1909f56bfc062723c751e8b465ee728b)  -> (artifact id: '3824147684a81f96bbbdb3ebf6cb0807') in 0.001382 seconds
  Import took 0.004557 seconds .

========================================================================
Received Import Request.
  Time since last request: 0.642502 seconds.
  path: Assets/Scripts/PlayerMove.cs
  artifactKey: Guid(22b9cc6f22072414bad21871cbd3f114) Importer(815301076,1909f56bfc062723c751e8b465ee728b)
Start importing Assets/Scripts/PlayerMove.cs using Guid(22b9cc6f22072414bad21871cbd3f114) Importer(815301076,1909f56bfc062723c751e8b465ee728b)  -> (artifact id: 'd43a5652de638ed5111fae9739565c2a') in 0.001663 seconds
  Import took 0.005265 seconds .

========================================================================
Received Prepare
Registering precompiled user dll's ...
Registered in 0.001252 seconds.
Begin MonoManager ReloadAssembly
Native extension for LinuxStandalone target not found
Native extension for WindowsStandalone target not found
Native extension for OSXStandalone target not found
Native extension for WebGL target not found
Refreshing native plugins compatible for Editor in 0.50 ms, found 1 plugins.
Preloading 0 native plugins for Editor in 0.00 ms.
Mono: successfully reloaded assembly
- Completed reload, in  0.649 seconds
Platform modules already initialized, skipping
Shader 'Universal Render Pipeline/Particles/Lit': fallback shader 'Universal Render Pipeline/Particles/SimpleLit' not found
Refreshing native plugins compatible for Editor in 0.54 ms, found 1 plugins.
Preloading 0 native plugins for Editor in 0.00 ms.
Unloading 2854 Unused Serialized files (Serialized files now loaded: 0)
System memory in use before: 129.6 MB.
System memory in use after: 129.9 MB.

Unloading 8 unused Assets to reduce memory usage. Loaded Objects now: 3547.
Total: 2.289400 ms (FindLiveObjects: 0.328300 ms CreateObjectMapping: 0.106700 ms MarkObjects: 1.838500 ms  DeleteObjects: 0.015300 ms)

========================================================================
Received Import Request.
  Time since last request: 5.081497 seconds.
  path: Assets/Shaders&Material/AmmoMaterial.mat
  artifactKey: Guid(d7755398629b8664c94141a76e26541f) Importer(815301076,1909f56bfc062723c751e8b465ee728b)
Start importing Assets/Shaders&Material/AmmoMaterial.mat using Guid(d7755398629b8664c94141a76e26541f) Importer(815301076,1909f56bfc062723c751e8b465ee728b)  -> (artifact id: 'a47ef5d4eba50a6019924c0fe13b29de') in 0.115158 seconds
  Import took 0.119367 seconds .

========================================================================
Received Import Request.
  Time since last request: 0.477739 seconds.
  path: Assets/TileMap/Mars Ground.prefab
  artifactKey: Guid(3541c2ffe94e7ce4d98b75aa4d1cb02f) Importer(815301076,1909f56bfc062723c751e8b465ee728b)
Start importing Assets/TileMap/Mars Ground.prefab using Guid(3541c2ffe94e7ce4d98b75aa4d1cb02f) Importer(815301076,1909f56bfc062723c751e8b465ee728b)  -> (artifact id: '569883d65e3609cb384cc8816770f6f2') in 0.005773 seconds
  Import took 0.009351 seconds .

========================================================================
Received Import Request.
  Time since last request: 0.000153 seconds.
  path: Assets/TileMap/Texture.asset
  artifactKey: Guid(967b33f776440e540bb79bd4da325532) Importer(815301076,1909f56bfc062723c751e8b465ee728b)
Start importing Assets/TileMap/Texture.asset using Guid(967b33f776440e540bb79bd4da325532) Importer(815301076,1909f56bfc062723c751e8b465ee728b)  -> (artifact id: '01d5cc5a2236533cf3bb1624b6020167') in 0.542398 seconds
  Import took 0.545998 seconds .

========================================================================
Received Import Request.
  Time since last request: 0.000171 seconds.
  path: Assets/TileMap/Mars Ground.prefab
  artifactKey: Guid(3541c2ffe94e7ce4d98b75aa4d1cb02f) Importer(815301076,1909f56bfc062723c751e8b465ee728b)
Start importing Assets/TileMap/Mars Ground.prefab using Guid(3541c2ffe94e7ce4d98b75aa4d1cb02f) Importer(815301076,1909f56bfc062723c751e8b465ee728b)  -> (artifact id: '569883d65e3609cb384cc8816770f6f2') in 0.003051 seconds
  Import took 0.006088 seconds .

========================================================================
Received Import Request.
  Time since last request: 0.000151 seconds.
  path: Assets/TileMap/Texture 1.asset
  artifactKey: Guid(6c2805ec4ea227a45b4333d330d5cd80) Importer(815301076,1909f56bfc062723c751e8b465ee728b)
Start importing Assets/TileMap/Texture 1.asset using Guid(6c2805ec4ea227a45b4333d330d5cd80) Importer(815301076,1909f56bfc062723c751e8b465ee728b)  -> (artifact id: '4f5e3ab78151c5ae58b2b2aeba443b3e') in 0.004260 seconds
  Import took 0.006823 seconds .

========================================================================
Received Import Request.
  Time since last request: 5.867098 seconds.
  path: Assets/Weapons/Materials/ammoNormal.mat
  artifactKey: Guid(2aa68a75187f4114989a83879b21233f) Importer(815301076,1909f56bfc062723c751e8b465ee728b)
Start importing Assets/Weapons/Materials/ammoNormal.mat using Guid(2aa68a75187f4114989a83879b21233f) Importer(815301076,1909f56bfc062723c751e8b465ee728b)  -> (artifact id: '8864312f1988e5aa439c1737c6a877f2') in 0.075059 seconds
  Import took 0.079158 seconds .

